2023-05-13 02:36:55 - INFO: Adding file: file:///home/phil/projects/poweron/ELA/ELA.ACTBJS.RAW
2023-05-13 02:36:55 - INFO: Adding file: file:///home/phil/projects/poweron/ELA/ELA.PDF.APPREVIEW.DEF
2023-05-13 02:36:55 - INFO: Adding file: file:///home/phil/projects/poweron/ELA/ELA.PDF.APPREVIEW.PRO
2023-05-13 02:36:55 - INFO: Adding file: file:///home/phil/projects/poweron/ELA/ELA.SSNSEARCH.PRO
2023-05-13 02:36:55 - INFO: Adding file: file:///home/phil/projects/poweron/ELA/ELA.GENJS.RAW
2023-05-13 02:36:55 - INFO: Adding file: file:///home/phil/projects/poweron/ELA/ELA.LOANFUNDING
2023-05-13 02:36:55 - INFO: Adding file: file:///home/phil/projects/poweron/ELA/ELA.SHOWHIDEJS.RAW
2023-05-13 02:36:55 - INFO: Adding file: file:///home/phil/projects/poweron/ELA/SCANNER.GETVARS.PRO
2023-05-13 02:36:55 - INFO: Adding file: file:///home/phil/projects/poweron/ELA/SCANNER.GETVARS.DEF
2023-05-13 02:36:55 - INFO: Adding file: file:///home/phil/projects/poweron/ELA/POSTALAUTOMATION.PRO
2023-05-13 02:36:55 - INFO: Adding file: file:///home/phil/projects/poweron/ELA/POSTALAUTOMATION.DEF
2023-05-13 02:36:55 - INFO: Adding file: file:///home/phil/projects/poweron/ELA/ELA.PRINTDOCS
2023-05-13 02:36:55 - INFO: Adding file: file:///home/phil/projects/poweron/ELA/ELA.CSS
2023-05-13 02:36:55 - INFO: Adding file: file:///home/phil/projects/poweron/ELA/ELA.DATEFORMATJS.RAW
2023-05-13 02:36:55 - INFO: Adding file: file:///home/phil/projects/poweron/ELA/ELA.COMMON.DEF
2023-05-13 02:36:55 - INFO: Adding file: file:///home/phil/projects/poweron/ELA/ELA.LIABILITIES
2023-05-13 02:36:55 - INFO: Adding file: file:///home/phil/projects/poweron/ELA/ELA.OTHERACTIONS.PRO
2023-05-13 02:36:55 - INFO: Adding file: file:///home/phil/projects/poweron/ELA/ELA.OTHERACTIONS.DEF
2023-05-13 02:36:55 - INFO: Adding file: file:///home/phil/projects/poweron/ELA/ELA.PULLCRED
2023-05-13 02:36:55 - INFO: Adding file: file:///home/phil/projects/poweron/ELA/ELA.LOANCREATE
2023-05-13 02:36:55 - INFO: Adding file: file:///home/phil/projects/poweron/ELA/ELA.DECISION
2023-05-13 02:36:55 - INFO: Adding file: file:///home/phil/projects/poweron/ELA/ELA.FUNDINGINSTRUCTIONS
2023-05-13 02:36:55 - INFO: Adding file: file:///home/phil/projects/poweron/ELA/ELA.COLLATERAL
2023-05-13 02:36:55 - INFO: Adding file: file:///home/phil/projects/poweron/ELA/ELA.INIT
2023-05-13 02:36:55 - INFO: Adding file: file:///home/phil/projects/poweron/ELA/ELA.EFTXFRCREATE
2023-05-13 02:36:55 - INFO: Adding file: file:///home/phil/projects/poweron/ELA/ELA.ADDRESSVERIFY.PRO
2023-05-13 02:36:55 - INFO: Adding file: file:///home/phil/projects/poweron/ELA/ELA.JAVASCRIPTS.PRO
2023-05-13 02:36:55 - INFO: Adding file: file:///home/phil/projects/poweron/ELA/ELA.PDF.APPREVIEW
2023-05-13 02:36:55 - INFO: Adding file: file:///home/phil/projects/poweron/ELA/ELA.COSIGNER
2023-05-13 02:36:55 - INFO: Adding file: file:///home/phil/projects/poweron/ELA/ELA.APPLICANTINFO
2023-05-13 02:36:55 - INFO: Adding file: file:///home/phil/projects/poweron/ELA/ELA.COMMON.PRO
2023-05-13 02:36:55 - INFO: Adding file: file:///home/phil/projects/poweron/ELA/ELA.PROJECT
2023-05-13 02:37:00 - INFO: received hover request 
2023-05-13 02:37:00 - INFO: found node kind  field_name 
2023-05-13 02:37:00 - INFO: field name number 
2023-05-13 02:37:00 - INFO: parent node kind record_type 
2023-05-13 02:37:03 - INFO: received hover request 
2023-05-13 02:37:03 - INFO: found node kind  field_name 
2023-05-13 02:37:03 - INFO: field name number 
2023-05-13 02:37:03 - INFO: parent node kind record_type 
2023-05-13 02:38:12 - INFO: received hover request 
2023-05-13 02:38:12 - INFO: found node kind  field_name 
2023-05-13 02:38:12 - INFO: field name number 
2023-05-13 02:38:12 - INFO: parent node kind record_type 
2023-05-13 02:39:02 - INFO: Adding file: file:///home/phil/projects/poweron/ELA/ELA.ACTBJS.RAW
2023-05-13 02:39:02 - INFO: Adding file: file:///home/phil/projects/poweron/ELA/ELA.PDF.APPREVIEW.DEF
2023-05-13 02:39:02 - INFO: Adding file: file:///home/phil/projects/poweron/ELA/ELA.PDF.APPREVIEW.PRO
2023-05-13 02:39:02 - INFO: Adding file: file:///home/phil/projects/poweron/ELA/ELA.SSNSEARCH.PRO
2023-05-13 02:39:02 - INFO: Adding file: file:///home/phil/projects/poweron/ELA/ELA.GENJS.RAW
2023-05-13 02:39:02 - INFO: Adding file: file:///home/phil/projects/poweron/ELA/ELA.LOANFUNDING
2023-05-13 02:39:02 - INFO: Adding file: file:///home/phil/projects/poweron/ELA/ELA.SHOWHIDEJS.RAW
2023-05-13 02:39:02 - INFO: Adding file: file:///home/phil/projects/poweron/ELA/SCANNER.GETVARS.PRO
2023-05-13 02:39:02 - INFO: Adding file: file:///home/phil/projects/poweron/ELA/SCANNER.GETVARS.DEF
2023-05-13 02:39:02 - INFO: Adding file: file:///home/phil/projects/poweron/ELA/POSTALAUTOMATION.PRO
2023-05-13 02:39:02 - INFO: Adding file: file:///home/phil/projects/poweron/ELA/POSTALAUTOMATION.DEF
2023-05-13 02:39:02 - INFO: Adding file: file:///home/phil/projects/poweron/ELA/ELA.PRINTDOCS
2023-05-13 02:39:02 - INFO: Adding file: file:///home/phil/projects/poweron/ELA/ELA.CSS
2023-05-13 02:39:02 - INFO: Adding file: file:///home/phil/projects/poweron/ELA/ELA.DATEFORMATJS.RAW
2023-05-13 02:39:02 - INFO: Adding file: file:///home/phil/projects/poweron/ELA/ELA.COMMON.DEF
2023-05-13 02:39:02 - INFO: Adding file: file:///home/phil/projects/poweron/ELA/ELA.LIABILITIES
2023-05-13 02:39:02 - INFO: Adding file: file:///home/phil/projects/poweron/ELA/ELA.OTHERACTIONS.PRO
2023-05-13 02:39:02 - INFO: Adding file: file:///home/phil/projects/poweron/ELA/ELA.OTHERACTIONS.DEF
2023-05-13 02:39:02 - INFO: Adding file: file:///home/phil/projects/poweron/ELA/ELA.PULLCRED
2023-05-13 02:39:02 - INFO: Adding file: file:///home/phil/projects/poweron/ELA/ELA.LOANCREATE
2023-05-13 02:39:02 - INFO: Adding file: file:///home/phil/projects/poweron/ELA/ELA.DECISION
2023-05-13 02:39:02 - INFO: Adding file: file:///home/phil/projects/poweron/ELA/ELA.FUNDINGINSTRUCTIONS
2023-05-13 02:39:02 - INFO: Adding file: file:///home/phil/projects/poweron/ELA/ELA.COLLATERAL
2023-05-13 02:39:02 - INFO: Adding file: file:///home/phil/projects/poweron/ELA/ELA.INIT
2023-05-13 02:39:02 - INFO: Adding file: file:///home/phil/projects/poweron/ELA/ELA.EFTXFRCREATE
2023-05-13 02:39:02 - INFO: Adding file: file:///home/phil/projects/poweron/ELA/ELA.ADDRESSVERIFY.PRO
2023-05-13 02:39:02 - INFO: Adding file: file:///home/phil/projects/poweron/ELA/ELA.JAVASCRIPTS.PRO
2023-05-13 02:39:02 - INFO: Adding file: file:///home/phil/projects/poweron/ELA/ELA.PDF.APPREVIEW
2023-05-13 02:39:02 - INFO: Adding file: file:///home/phil/projects/poweron/ELA/ELA.COSIGNER
2023-05-13 02:39:02 - INFO: Adding file: file:///home/phil/projects/poweron/ELA/ELA.APPLICANTINFO
2023-05-13 02:39:02 - INFO: Adding file: file:///home/phil/projects/poweron/ELA/ELA.COMMON.PRO
2023-05-13 02:39:02 - INFO: Adding file: file:///home/phil/projects/poweron/ELA/ELA.PROJECT
2023-05-13 02:39:06 - INFO: received didChangeTextDocument notification
2023-05-13 02:39:07 - INFO: received didChangeTextDocument notification
2023-05-13 02:39:07 - INFO: Trigger character is :
2023-05-13 02:39:07 - INFO: looking for word at point
2023-05-13 02:39:07 - INFO: found line:  ACCOUNT:
2023-05-13 02:39:07 - INFO: found word: ACCOUNT:
2023-05-13 02:39:08 - INFO: received didChangeTextDocument notification
2023-05-13 02:39:08 - INFO: received didChangeTextDocument notification
2023-05-13 02:39:08 - INFO: received didChangeTextDocument notification
2023-05-13 02:39:08 - INFO: received didChangeTextDocument notification
2023-05-13 02:39:09 - INFO: received hover request 
2023-05-13 02:39:09 - INFO: found node kind  field_name 
2023-05-13 02:39:09 - INFO: field name branch 
2023-05-13 02:39:09 - INFO: parent node kind record_type 
2023-05-13 02:39:12 - INFO: received hover request 
2023-05-13 02:39:12 - INFO: found node kind  field_name 
2023-05-13 02:39:12 - INFO: field name branch 
2023-05-13 02:39:12 - INFO: parent node kind record_type 
2023-05-13 02:39:39 - INFO: received hover request 
2023-05-13 02:39:39 - INFO: found node kind  field_name 
2023-05-13 02:39:39 - INFO: field name branch 
2023-05-13 02:39:39 - INFO: parent node kind record_type 
2023-05-13 02:40:59 - INFO: Adding file: file:///home/phil/projects/poweron/ELA/ELA.ACTBJS.RAW
2023-05-13 02:40:59 - INFO: Adding file: file:///home/phil/projects/poweron/ELA/ELA.PDF.APPREVIEW.DEF
2023-05-13 02:40:59 - INFO: Adding file: file:///home/phil/projects/poweron/ELA/ELA.PDF.APPREVIEW.PRO
2023-05-13 02:40:59 - INFO: Adding file: file:///home/phil/projects/poweron/ELA/ELA.SSNSEARCH.PRO
2023-05-13 02:40:59 - INFO: Adding file: file:///home/phil/projects/poweron/ELA/ELA.GENJS.RAW
2023-05-13 02:40:59 - INFO: Adding file: file:///home/phil/projects/poweron/ELA/ELA.LOANFUNDING
2023-05-13 02:40:59 - INFO: Adding file: file:///home/phil/projects/poweron/ELA/ELA.SHOWHIDEJS.RAW
2023-05-13 02:40:59 - INFO: Adding file: file:///home/phil/projects/poweron/ELA/SCANNER.GETVARS.PRO
2023-05-13 02:40:59 - INFO: Adding file: file:///home/phil/projects/poweron/ELA/SCANNER.GETVARS.DEF
2023-05-13 02:40:59 - INFO: Adding file: file:///home/phil/projects/poweron/ELA/POSTALAUTOMATION.PRO
2023-05-13 02:40:59 - INFO: Adding file: file:///home/phil/projects/poweron/ELA/POSTALAUTOMATION.DEF
2023-05-13 02:40:59 - INFO: Adding file: file:///home/phil/projects/poweron/ELA/ELA.PRINTDOCS
2023-05-13 02:40:59 - INFO: Adding file: file:///home/phil/projects/poweron/ELA/ELA.CSS
2023-05-13 02:40:59 - INFO: Adding file: file:///home/phil/projects/poweron/ELA/ELA.DATEFORMATJS.RAW
2023-05-13 02:40:59 - INFO: Adding file: file:///home/phil/projects/poweron/ELA/ELA.COMMON.DEF
2023-05-13 02:40:59 - INFO: Adding file: file:///home/phil/projects/poweron/ELA/ELA.LIABILITIES
2023-05-13 02:40:59 - INFO: Adding file: file:///home/phil/projects/poweron/ELA/ELA.OTHERACTIONS.PRO
2023-05-13 02:40:59 - INFO: Adding file: file:///home/phil/projects/poweron/ELA/ELA.OTHERACTIONS.DEF
2023-05-13 02:40:59 - INFO: Adding file: file:///home/phil/projects/poweron/ELA/ELA.PULLCRED
2023-05-13 02:40:59 - INFO: Adding file: file:///home/phil/projects/poweron/ELA/ELA.LOANCREATE
2023-05-13 02:40:59 - INFO: Adding file: file:///home/phil/projects/poweron/ELA/ELA.DECISION
2023-05-13 02:40:59 - INFO: Adding file: file:///home/phil/projects/poweron/ELA/ELA.FUNDINGINSTRUCTIONS
2023-05-13 02:40:59 - INFO: Adding file: file:///home/phil/projects/poweron/ELA/ELA.COLLATERAL
2023-05-13 02:40:59 - INFO: Adding file: file:///home/phil/projects/poweron/ELA/ELA.INIT
2023-05-13 02:40:59 - INFO: Adding file: file:///home/phil/projects/poweron/ELA/ELA.EFTXFRCREATE
2023-05-13 02:40:59 - INFO: Adding file: file:///home/phil/projects/poweron/ELA/ELA.ADDRESSVERIFY.PRO
2023-05-13 02:40:59 - INFO: Adding file: file:///home/phil/projects/poweron/ELA/ELA.JAVASCRIPTS.PRO
2023-05-13 02:40:59 - INFO: Adding file: file:///home/phil/projects/poweron/ELA/ELA.PDF.APPREVIEW
2023-05-13 02:40:59 - INFO: Adding file: file:///home/phil/projects/poweron/ELA/ELA.COSIGNER
2023-05-13 02:40:59 - INFO: Adding file: file:///home/phil/projects/poweron/ELA/ELA.APPLICANTINFO
2023-05-13 02:40:59 - INFO: Adding file: file:///home/phil/projects/poweron/ELA/ELA.COMMON.PRO
2023-05-13 02:40:59 - INFO: Adding file: file:///home/phil/projects/poweron/ELA/ELA.PROJECT
2023-05-13 02:41:03 - INFO: received didChangeTextDocument notification
2023-05-13 02:41:03 - INFO: received didChangeTextDocument notification
2023-05-13 02:41:03 - INFO: received didChangeTextDocument notification
2023-05-13 02:41:03 - INFO: received didChangeTextDocument notification
2023-05-13 02:41:04 - INFO: received didChangeTextDocument notification
2023-05-13 02:41:04 - INFO: received didChangeTextDocument notification
2023-05-13 02:41:04 - INFO: received didChangeTextDocument notification
2023-05-13 02:41:04 - INFO: received didChangeTextDocument notification
2023-05-13 02:41:04 - INFO: Trigger character is :
2023-05-13 02:41:04 - INFO: looking for word at point
2023-05-13 02:41:04 - INFO: found line: ACCOUNT:
2023-05-13 02:41:04 - INFO: found word: ACCOUNT:
2023-05-13 02:41:05 - INFO: received didChangeTextDocument notification
2023-05-13 02:41:05 - INFO: received didChangeTextDocument notification
2023-05-13 02:41:05 - INFO: received didChangeTextDocument notification
2023-05-13 02:41:05 - INFO: received didChangeTextDocument notification
2023-05-13 02:41:06 - INFO: received hover request 
2023-05-13 02:41:06 - INFO: found node kind  field_name 
2023-05-13 02:41:06 - INFO: field name number 
2023-05-13 02:41:06 - INFO: parent node kind record_type 
2023-05-13 02:41:11 - INFO: received hover request 
2023-05-13 02:41:11 - INFO: found node kind  field_name 
2023-05-13 02:41:11 - INFO: field name branch 
2023-05-13 02:41:11 - INFO: parent node kind record_type 
2023-05-13 02:41:17 - INFO: received didChangeTextDocument notification
2023-05-13 02:41:17 - INFO: received didChangeTextDocument notification
